<?xml version="1.0" encoding="UTF-8"?>
<robot generator="Robot 7.2 (Python 3.10.12 on linux)" generated="2025-02-21T14:14:53.726847" rpa="false" schemaversion="5">
<suite id="s1" name="Tests" source="/home/yampi/koulu/Ohjelmistoprojekti/AI-CTO/tests">
<suite id="s1-s1" name="Robot" source="/home/yampi/koulu/Ohjelmistoprojekti/AI-CTO/tests/robot">
<suite id="s1-s1-s1" name="Inputs" source="/home/yampi/koulu/Ohjelmistoprojekti/AI-CTO/tests/robot/inputs.robot">
<test id="s1-s1-s1-t1" name="User can input text to text-input field" line="6">
<kw name="Open And Configure Browser" owner="resource">
<kw name="Get Chrome Driver">
<msg time="2025-02-21T14:14:54.017269" level="FAIL">No keyword with name 'Get Chrome Driver' found.</msg>
<var>${driver_path}</var>
<status status="FAIL" start="2025-02-21T14:14:54.017226" elapsed="0.000087">No keyword with name 'Get Chrome Driver' found.</status>
</kw>
<kw name="Log" owner="BuiltIn">
<arg>Using ChromeDriver at ${driver_path}</arg>
<doc>Logs the given message with the given level.</doc>
<status status="NOT RUN" start="2025-02-21T14:14:54.017434" elapsed="0.000024"/>
</kw>
<kw name="Open Browser" owner="SeleniumLibrary">
<arg>${HOME_URL}</arg>
<arg>${BROWSER}</arg>
<arg>executable_path=${driver_path}</arg>
<doc>Opens a new browser instance to the optional ``url``.</doc>
<status status="NOT RUN" start="2025-02-21T14:14:54.017547" elapsed="0.000020"/>
</kw>
<status status="FAIL" start="2025-02-21T14:14:54.015561" elapsed="0.002089">No keyword with name 'Get Chrome Driver' found.</status>
</kw>
<kw name="Go To" owner="SeleniumLibrary">
<arg>${HOME_URL}</arg>
<doc>Navigates the current browser window to the provided ``url``.</doc>
<status status="NOT RUN" start="2025-02-21T14:14:54.017793" elapsed="0.000024"/>
</kw>
<kw name="Page Should Contain" owner="SeleniumLibrary">
<arg>Project Portfolio Visualization Tool</arg>
<doc>Verifies that current page contains ``text``.</doc>
<status status="NOT RUN" start="2025-02-21T14:14:54.017972" elapsed="0.000025"/>
</kw>
<kw name="Input Text" owner="SeleniumLibrary">
<arg>id=description</arg>
<arg>AirBNB for humans and cats</arg>
<doc>Types the given ``text`` into the text field identified by ``locator``.</doc>
<status status="NOT RUN" start="2025-02-21T14:14:54.018115" elapsed="0.000029"/>
</kw>
<kw name="Click Button" owner="SeleniumLibrary">
<arg>css:button[type="submit"]</arg>
<doc>Clicks the button identified by ``locator``.</doc>
<status status="NOT RUN" start="2025-02-21T14:14:54.018297" elapsed="0.000032"/>
</kw>
<kw name="Sleep" owner="BuiltIn">
<arg>10</arg>
<doc>Pauses the test executed for the given time.</doc>
<status status="NOT RUN" start="2025-02-21T14:14:54.018512" elapsed="0.000028"/>
</kw>
<kw name="Page Should Contain" owner="SeleniumLibrary">
<arg>Project Name: AirBNB for humans and cats</arg>
<doc>Verifies that current page contains ``text``.</doc>
<status status="NOT RUN" start="2025-02-21T14:14:54.018656" elapsed="0.000039"/>
</kw>
<status status="FAIL" start="2025-02-21T14:14:54.014815" elapsed="0.004075">No keyword with name 'Get Chrome Driver' found.</status>
</test>
<status status="FAIL" start="2025-02-21T14:14:53.754508" elapsed="0.264734"/>
</suite>
<suite id="s1-s1-s2" name="Pages" source="/home/yampi/koulu/Ohjelmistoprojekti/AI-CTO/tests/robot/pages.robot">
<test id="s1-s1-s2-t1" name="Test Home Page" line="5">
<kw name="Open And Configure Browser" owner="resource">
<kw name="Get Chrome Driver">
<msg time="2025-02-21T14:14:54.024174" level="FAIL">No keyword with name 'Get Chrome Driver' found.</msg>
<var>${driver_path}</var>
<status status="FAIL" start="2025-02-21T14:14:54.024115" elapsed="0.000109">No keyword with name 'Get Chrome Driver' found.</status>
</kw>
<kw name="Log" owner="BuiltIn">
<arg>Using ChromeDriver at ${driver_path}</arg>
<doc>Logs the given message with the given level.</doc>
<status status="NOT RUN" start="2025-02-21T14:14:54.024368" elapsed="0.000025"/>
</kw>
<kw name="Open Browser" owner="SeleniumLibrary">
<arg>${HOME_URL}</arg>
<arg>${BROWSER}</arg>
<arg>executable_path=${driver_path}</arg>
<doc>Opens a new browser instance to the optional ``url``.</doc>
<status status="NOT RUN" start="2025-02-21T14:14:54.024484" elapsed="0.000037"/>
</kw>
<status status="FAIL" start="2025-02-21T14:14:54.022510" elapsed="0.002104">No keyword with name 'Get Chrome Driver' found.</status>
</kw>
<kw name="Go To" owner="SeleniumLibrary">
<arg>${HOME_URL}</arg>
<doc>Navigates the current browser window to the provided ``url``.</doc>
<status status="NOT RUN" start="2025-02-21T14:14:54.024867" elapsed="0.000031"/>
</kw>
<kw name="Page Should Contain" owner="SeleniumLibrary">
<arg>AICTO: Project Portfolio Visualization Tool</arg>
<doc>Verifies that current page contains ``text``.</doc>
<status status="NOT RUN" start="2025-02-21T14:14:54.025015" elapsed="0.000022"/>
</kw>
<status status="FAIL" start="2025-02-21T14:14:54.022061" elapsed="0.003204">No keyword with name 'Get Chrome Driver' found.</status>
</test>
<test id="s1-s1-s2-t2" name="User can see main page" line="10">
<kw name="Open And Configure Browser" owner="resource">
<kw name="Get Chrome Driver">
<msg time="2025-02-21T14:14:54.027404" level="FAIL">No keyword with name 'Get Chrome Driver' found.</msg>
<var>${driver_path}</var>
<status status="FAIL" start="2025-02-21T14:14:54.027335" elapsed="0.000123">No keyword with name 'Get Chrome Driver' found.</status>
</kw>
<kw name="Log" owner="BuiltIn">
<arg>Using ChromeDriver at ${driver_path}</arg>
<doc>Logs the given message with the given level.</doc>
<status status="NOT RUN" start="2025-02-21T14:14:54.027611" elapsed="0.000028"/>
</kw>
<kw name="Open Browser" owner="SeleniumLibrary">
<arg>${HOME_URL}</arg>
<arg>${BROWSER}</arg>
<arg>executable_path=${driver_path}</arg>
<doc>Opens a new browser instance to the optional ``url``.</doc>
<status status="NOT RUN" start="2025-02-21T14:14:54.027733" elapsed="0.000022"/>
</kw>
<status status="FAIL" start="2025-02-21T14:14:54.025841" elapsed="0.002007">No keyword with name 'Get Chrome Driver' found.</status>
</kw>
<kw name="Go To" owner="SeleniumLibrary">
<arg>${HOME_URL}</arg>
<doc>Navigates the current browser window to the provided ``url``.</doc>
<status status="NOT RUN" start="2025-02-21T14:14:54.028070" elapsed="0.000032"/>
</kw>
<kw name="Page Should Contain" owner="SeleniumLibrary">
<arg>AICTO: Project Portfolio Visualization Tool</arg>
<doc>Verifies that current page contains ``text``.</doc>
<status status="NOT RUN" start="2025-02-21T14:14:54.028284" elapsed="0.000042"/>
</kw>
<status status="FAIL" start="2025-02-21T14:14:54.025508" elapsed="0.003355">No keyword with name 'Get Chrome Driver' found.</status>
</test>
<test id="s1-s1-s2-t3" name="User can see Visualization page" line="15">
<kw name="Open And Configure Browser" owner="resource">
<kw name="Get Chrome Driver">
<msg time="2025-02-21T14:14:54.033628" level="FAIL">No keyword with name 'Get Chrome Driver' found.</msg>
<var>${driver_path}</var>
<status status="FAIL" start="2025-02-21T14:14:54.033514" elapsed="0.000177">No keyword with name 'Get Chrome Driver' found.</status>
</kw>
<kw name="Log" owner="BuiltIn">
<arg>Using ChromeDriver at ${driver_path}</arg>
<doc>Logs the given message with the given level.</doc>
<status status="NOT RUN" start="2025-02-21T14:14:54.033870" elapsed="0.000029"/>
</kw>
<kw name="Open Browser" owner="SeleniumLibrary">
<arg>${HOME_URL}</arg>
<arg>${BROWSER}</arg>
<arg>executable_path=${driver_path}</arg>
<doc>Opens a new browser instance to the optional ``url``.</doc>
<status status="NOT RUN" start="2025-02-21T14:14:54.034002" elapsed="0.000021"/>
</kw>
<status status="FAIL" start="2025-02-21T14:14:54.031323" elapsed="0.002794">No keyword with name 'Get Chrome Driver' found.</status>
</kw>
<kw name="Go To" owner="SeleniumLibrary">
<arg>${HOME_URL}</arg>
<doc>Navigates the current browser window to the provided ``url``.</doc>
<status status="NOT RUN" start="2025-02-21T14:14:54.034362" elapsed="0.000031"/>
</kw>
<kw name="Click Element" owner="SeleniumLibrary">
<arg>//a[text()='Visualization']</arg>
<doc>Click the element identified by ``locator``.</doc>
<status status="NOT RUN" start="2025-02-21T14:14:54.034533" elapsed="0.000024"/>
</kw>
<kw name="Page Should Contain" owner="SeleniumLibrary">
<arg>Visualization</arg>
<doc>Verifies that current page contains ``text``.</doc>
<status status="NOT RUN" start="2025-02-21T14:14:54.034877" elapsed="0.000062"/>
</kw>
<status status="FAIL" start="2025-02-21T14:14:54.029889" elapsed="0.005384">No keyword with name 'Get Chrome Driver' found.</status>
</test>
<test id="s1-s1-s2-t4" name="User can see My Projects page" line="21">
<kw name="Open And Configure Browser" owner="resource">
<kw name="Get Chrome Driver">
<msg time="2025-02-21T14:14:54.037921" level="FAIL">No keyword with name 'Get Chrome Driver' found.</msg>
<var>${driver_path}</var>
<status status="FAIL" start="2025-02-21T14:14:54.037828" elapsed="0.000145">No keyword with name 'Get Chrome Driver' found.</status>
</kw>
<kw name="Log" owner="BuiltIn">
<arg>Using ChromeDriver at ${driver_path}</arg>
<doc>Logs the given message with the given level.</doc>
<status status="NOT RUN" start="2025-02-21T14:14:54.038120" elapsed="0.000025"/>
</kw>
<kw name="Open Browser" owner="SeleniumLibrary">
<arg>${HOME_URL}</arg>
<arg>${BROWSER}</arg>
<arg>executable_path=${driver_path}</arg>
<doc>Opens a new browser instance to the optional ``url``.</doc>
<status status="NOT RUN" start="2025-02-21T14:14:54.038233" elapsed="0.000020"/>
</kw>
<status status="FAIL" start="2025-02-21T14:14:54.036206" elapsed="0.002132">No keyword with name 'Get Chrome Driver' found.</status>
</kw>
<kw name="Go To" owner="SeleniumLibrary">
<arg>${HOME_URL}</arg>
<doc>Navigates the current browser window to the provided ``url``.</doc>
<status status="NOT RUN" start="2025-02-21T14:14:54.038530" elapsed="0.000027"/>
</kw>
<kw name="Click Element" owner="SeleniumLibrary">
<arg>//a[text()='Previous Projects']</arg>
<doc>Click the element identified by ``locator``.</doc>
<status status="NOT RUN" start="2025-02-21T14:14:54.038723" elapsed="0.000030"/>
</kw>
<kw name="Page Should Contain" owner="SeleniumLibrary">
<arg>Previous Projects</arg>
<doc>Verifies that current page contains ``text``.</doc>
<status status="NOT RUN" start="2025-02-21T14:14:54.038860" elapsed="0.000021"/>
</kw>
<status status="FAIL" start="2025-02-21T14:14:54.035677" elapsed="0.003382">No keyword with name 'Get Chrome Driver' found.</status>
</test>
<test id="s1-s1-s2-t5" name="User can go back to Home page" line="27">
<kw name="Open And Configure Browser" owner="resource">
<kw name="Get Chrome Driver">
<msg time="2025-02-21T14:14:54.041160" level="FAIL">No keyword with name 'Get Chrome Driver' found.</msg>
<var>${driver_path}</var>
<status status="FAIL" start="2025-02-21T14:14:54.041107" elapsed="0.000100">No keyword with name 'Get Chrome Driver' found.</status>
</kw>
<kw name="Log" owner="BuiltIn">
<arg>Using ChromeDriver at ${driver_path}</arg>
<doc>Logs the given message with the given level.</doc>
<status status="NOT RUN" start="2025-02-21T14:14:54.041334" elapsed="0.000023"/>
</kw>
<kw name="Open Browser" owner="SeleniumLibrary">
<arg>${HOME_URL}</arg>
<arg>${BROWSER}</arg>
<arg>executable_path=${driver_path}</arg>
<doc>Opens a new browser instance to the optional ``url``.</doc>
<status status="NOT RUN" start="2025-02-21T14:14:54.041461" elapsed="0.000021"/>
</kw>
<status status="FAIL" start="2025-02-21T14:14:54.039672" elapsed="0.001925">No keyword with name 'Get Chrome Driver' found.</status>
</kw>
<kw name="Go To" owner="SeleniumLibrary">
<arg>${HOME_URL}</arg>
<doc>Navigates the current browser window to the provided ``url``.</doc>
<status status="NOT RUN" start="2025-02-21T14:14:54.041823" elapsed="0.000036"/>
</kw>
<kw name="Click Element" owner="SeleniumLibrary">
<arg>//a[text()='Previous Projects']</arg>
<doc>Click the element identified by ``locator``.</doc>
<status status="NOT RUN" start="2025-02-21T14:14:54.041993" elapsed="0.000035"/>
</kw>
<kw name="Page Should Contain" owner="SeleniumLibrary">
<arg>Previous Projects</arg>
<doc>Verifies that current page contains ``text``.</doc>
<status status="NOT RUN" start="2025-02-21T14:14:54.042280" elapsed="0.000046"/>
</kw>
<kw name="Click Element" owner="SeleniumLibrary">
<arg>//a[text()='Home']</arg>
<doc>Click the element identified by ``locator``.</doc>
<status status="NOT RUN" start="2025-02-21T14:14:54.042579" elapsed="0.000041"/>
</kw>
<kw name="Page Should Contain" owner="SeleniumLibrary">
<arg>AI Project Portfolio Visualization Tool</arg>
<doc>Verifies that current page contains ``text``.</doc>
<status status="NOT RUN" start="2025-02-21T14:14:54.042863" elapsed="0.000061"/>
</kw>
<kw name="Close Browser" owner="resource">
<status status="NOT RUN" start="2025-02-21T14:14:54.043253" elapsed="0.000053"/>
</kw>
<status status="FAIL" start="2025-02-21T14:14:54.039292" elapsed="0.004339">No keyword with name 'Get Chrome Driver' found.</status>
</test>
<status status="FAIL" start="2025-02-21T14:14:54.019592" elapsed="0.024613"/>
</suite>
<status status="FAIL" start="2025-02-21T14:14:53.753642" elapsed="0.291448"/>
</suite>
<status status="FAIL" start="2025-02-21T14:14:53.727647" elapsed="0.318238"/>
</suite>
<statistics>
<total>
<stat pass="0" fail="6" skip="0">All Tests</stat>
</total>
<tag>
</tag>
<suite>
<stat name="Tests" id="s1" pass="0" fail="6" skip="0">Tests</stat>
<stat name="Robot" id="s1-s1" pass="0" fail="6" skip="0">Tests.Robot</stat>
<stat name="Inputs" id="s1-s1-s1" pass="0" fail="1" skip="0">Tests.Robot.Inputs</stat>
<stat name="Pages" id="s1-s1-s2" pass="0" fail="5" skip="0">Tests.Robot.Pages</stat>
</suite>
</statistics>
<errors>
<msg time="2025-02-21T14:14:54.014065" level="ERROR">Error in file '/home/yampi/koulu/Ohjelmistoprojekti/AI-CTO/tests/robot/resource.robot' on line 3: Importing library '/home/yampi/koulu/Ohjelmistoprojekti/AI-CTO/tests/webdriver_manager_keywords.py' failed: ModuleNotFoundError: No module named 'webdriver_manager'
Traceback (most recent call last):
  File "/home/yampi/koulu/Ohjelmistoprojekti/AI-CTO/tests/webdriver_manager_keywords.py", line 2, in &lt;module&gt;
    from webdriver_manager.chrome import ChromeDriverManager
PYTHONPATH:
  /home/yampi/koulu/Ohjelmistoprojekti/AI-CTO/tests
  /home/yampi/.cache/pypoetry/virtualenvs/ai-cto-v37u_-mN-py3.10/bin
  /usr/lib/python310.zip
  /usr/lib/python3.10
  /usr/lib/python3.10/lib-dynload
  /home/yampi/.cache/pypoetry/virtualenvs/ai-cto-v37u_-mN-py3.10/lib/python3.10/site-packages</msg>
<msg time="2025-02-21T14:14:54.021520" level="ERROR">Error in file '/home/yampi/koulu/Ohjelmistoprojekti/AI-CTO/tests/robot/resource.robot' on line 3: Importing library '/home/yampi/koulu/Ohjelmistoprojekti/AI-CTO/tests/webdriver_manager_keywords.py' failed: ModuleNotFoundError: No module named 'webdriver_manager'
Traceback (most recent call last):
  File "/home/yampi/koulu/Ohjelmistoprojekti/AI-CTO/tests/webdriver_manager_keywords.py", line 2, in &lt;module&gt;
    from webdriver_manager.chrome import ChromeDriverManager
PYTHONPATH:
  /home/yampi/koulu/Ohjelmistoprojekti/AI-CTO/tests
  /home/yampi/.cache/pypoetry/virtualenvs/ai-cto-v37u_-mN-py3.10/bin
  /usr/lib/python310.zip
  /usr/lib/python3.10
  /usr/lib/python3.10/lib-dynload
  /home/yampi/.cache/pypoetry/virtualenvs/ai-cto-v37u_-mN-py3.10/lib/python3.10/site-packages</msg>
</errors>
</robot>
